{"/Users/iesora/workspace/blog-auto/src/app.controller.ts": {"path":"/Users/iesora/workspace/blog-auto/src/app.controller.ts","statementMap":{"0":{"start":{"line":1,"column":0},"end":{"line":1,"column":49}},"1":{"start":{"line":2,"column":0},"end":{"line":2,"column":43}},"2":{"start":{"line":5,"column":7},"end":{"line":12,"column":null}},"3":{"start":{"line":6,"column":31},"end":{"line":6,"column":43}},"4":{"start":{"line":10,"column":4},"end":{"line":10,"column":38}},"5":{"start":{"line":5,"column":13},"end":{"line":5,"column":26}},"6":{"start":{"line":9,"column":2},"end":{"line":11,"column":null}},"7":{"start":{"line":5,"column":13},"end":{"line":12,"column":null}}},"fnMap":{"0":{"name":"(anonymous_2)","decl":{"start":{"line":6,"column":2},"end":{"line":6,"column":31}},"loc":{"start":{"line":6,"column":53},"end":{"line":6,"column":57}}},"1":{"name":"(anonymous_3)","decl":{"start":{"line":9,"column":2},"end":{"line":9,"column":10}},"loc":{"start":{"line":9,"column":10},"end":{"line":11,"column":3}}}},"branchMap":{"0":{"loc":{"start":{"line":6,"column":43},"end":{"line":6,"column":56}},"type":"cond-expr","locations":[{"start":{"line":6,"column":53},"end":{"line":6,"column":56}},{"start":{"line":6,"column":53},"end":{"line":6,"column":56}}]},"1":{"loc":{"start":{"line":6,"column":43},"end":{"line":6,"column":53}},"type":"binary-expr","locations":[{"start":{"line":6,"column":43},"end":{"line":6,"column":56}},{"start":{"line":6,"column":43},"end":{"line":6,"column":53}}]}},"s":{"0":1,"1":1,"2":1,"3":1,"4":1,"5":1,"6":1,"7":1},"f":{"0":1,"1":1},"b":{"0":[1,0],"1":[1,1]}}
,"/Users/iesora/workspace/blog-auto/src/app.module.ts": {"path":"/Users/iesora/workspace/blog-auto/src/app.module.ts","statementMap":{"0":{"start":{"line":1,"column":0},"end":{"line":1,"column":40}},"1":{"start":{"line":2,"column":0},"end":{"line":2,"column":46}},"2":{"start":{"line":3,"column":0},"end":{"line":3,"column":49}},"3":{"start":{"line":4,"column":0},"end":{"line":4,"column":43}},"4":{"start":{"line":5,"column":0},"end":{"line":5,"column":63}},"5":{"start":{"line":6,"column":0},"end":{"line":6,"column":77}},"6":{"start":{"line":17,"column":7},"end":{"line":17,"column":null}},"7":{"start":{"line":17,"column":13},"end":{"line":17,"column":22}},"8":{"start":{"line":17,"column":13},"end":{"line":17,"column":null}}},"fnMap":{},"branchMap":{},"s":{"0":0,"1":0,"2":0,"3":0,"4":0,"5":0,"6":0,"7":0,"8":0},"f":{},"b":{}}
,"/Users/iesora/workspace/blog-auto/src/app.service.ts": {"path":"/Users/iesora/workspace/blog-auto/src/app.service.ts","statementMap":{"0":{"start":{"line":1,"column":0},"end":{"line":1,"column":44}},"1":{"start":{"line":4,"column":7},"end":{"line":8,"column":null}},"2":{"start":{"line":6,"column":4},"end":{"line":6,"column":26}},"3":{"start":{"line":4,"column":13},"end":{"line":4,"column":23}},"4":{"start":{"line":4,"column":13},"end":{"line":8,"column":null}}},"fnMap":{"0":{"name":"(anonymous_1)","decl":{"start":{"line":5,"column":2},"end":{"line":5,"column":10}},"loc":{"start":{"line":5,"column":10},"end":{"line":7,"column":3}}}},"branchMap":{},"s":{"0":1,"1":1,"2":1,"3":1,"4":1},"f":{"0":1},"b":{}}
,"/Users/iesora/workspace/blog-auto/src/main.ts": {"path":"/Users/iesora/workspace/blog-auto/src/main.ts","statementMap":{"0":{"start":{"line":1,"column":0},"end":{"line":1,"column":43}},"1":{"start":{"line":3,"column":0},"end":{"line":3,"column":28}},"2":{"start":{"line":4,"column":0},"end":{"line":4,"column":41}},"3":{"start":{"line":7,"column":14},"end":{"line":7,"column":73}},"4":{"start":{"line":8,"column":2},"end":{"line":8,"column":55}},"5":{"start":{"line":9,"column":2},"end":{"line":9,"column":45}},"6":{"start":{"line":11,"column":0},"end":{"line":11,"column":12}}},"fnMap":{"0":{"name":"bootstrap","decl":{"start":{"line":6,"column":15},"end":{"line":6,"column":24}},"loc":{"start":{"line":6,"column":24},"end":{"line":10,"column":1}}}},"branchMap":{"0":{"loc":{"start":{"line":9,"column":19},"end":{"line":9,"column":43}},"type":"binary-expr","locations":[{"start":{"line":9,"column":19},"end":{"line":9,"column":35}},{"start":{"line":9,"column":39},"end":{"line":9,"column":43}}]}},"s":{"0":0,"1":0,"2":0,"3":0,"4":0,"5":0,"6":0},"f":{"0":0},"b":{"0":[0,0]}}
,"/Users/iesora/workspace/blog-auto/src/blog-generator/blog-generator.controller.ts": {"path":"/Users/iesora/workspace/blog-auto/src/blog-generator/blog-generator.controller.ts","statementMap":{"0":{"start":{"line":1,"column":0},"end":{"line":1,"column":56}},"1":{"start":{"line":2,"column":0},"end":{"line":2,"column":64}},"2":{"start":{"line":3,"column":0},"end":{"line":3,"column":55}},"3":{"start":{"line":6,"column":7},"end":{"line":13,"column":null}},"4":{"start":{"line":7,"column":31},"end":{"line":7,"column":53}},"5":{"start":{"line":11,"column":4},"end":{"line":11,"column":65}},"6":{"start":{"line":6,"column":13},"end":{"line":6,"column":36}},"7":{"start":{"line":10,"column":2},"end":{"line":12,"column":null}},"8":{"start":{"line":6,"column":13},"end":{"line":13,"column":null}}},"fnMap":{"0":{"name":"(anonymous_4)","decl":{"start":{"line":7,"column":2},"end":{"line":7,"column":31}},"loc":{"start":{"line":7,"column":73},"end":{"line":7,"column":77}}},"1":{"name":"(anonymous_5)","decl":{"start":{"line":10,"column":2},"end":{"line":10,"column":10}},"loc":{"start":{"line":10,"column":39},"end":{"line":12,"column":3}}}},"branchMap":{"0":{"loc":{"start":{"line":10,"column":24},"end":{"line":10,"column":null}},"type":"cond-expr","locations":[{"start":{"line":10,"column":39},"end":{"line":10,"column":null}},{"start":{"line":10,"column":39},"end":{"line":10,"column":null}}]},"1":{"loc":{"start":{"line":10,"column":24},"end":{"line":10,"column":39}},"type":"binary-expr","locations":[{"start":{"line":10,"column":24},"end":{"line":10,"column":null}},{"start":{"line":10,"column":24},"end":{"line":10,"column":39}}]},"2":{"loc":{"start":{"line":7,"column":53},"end":{"line":7,"column":76}},"type":"cond-expr","locations":[{"start":{"line":7,"column":73},"end":{"line":7,"column":76}},{"start":{"line":7,"column":73},"end":{"line":7,"column":76}}]},"3":{"loc":{"start":{"line":7,"column":53},"end":{"line":7,"column":73}},"type":"binary-expr","locations":[{"start":{"line":7,"column":53},"end":{"line":7,"column":76}},{"start":{"line":7,"column":53},"end":{"line":7,"column":73}}]}},"s":{"0":0,"1":0,"2":0,"3":0,"4":0,"5":0,"6":0,"7":0,"8":0},"f":{"0":0,"1":0},"b":{"0":[0,0],"1":[0,0],"2":[0,0],"3":[0,0]}}
,"/Users/iesora/workspace/blog-auto/src/blog-generator/blog-generator.dto.ts": {"path":"/Users/iesora/workspace/blog-auto/src/blog-generator/blog-generator.dto.ts","statementMap":{"0":{"start":{"line":1,"column":0},"end":{"line":1,"column":null}},"1":{"start":{"line":2,"column":2},"end":{"line":2,"column":null}},"2":{"start":{"line":3,"column":2},"end":{"line":3,"column":null}},"3":{"start":{"line":4,"column":2},"end":{"line":4,"column":null}},"4":{"start":{"line":5,"column":2},"end":{"line":5,"column":null}},"5":{"start":{"line":8,"column":0},"end":{"line":8,"column":13}}},"fnMap":{"0":{"name":"(anonymous_0)","decl":{"start":{"line":1,"column":0},"end":{"line":1,"column":12}},"loc":{"start":{"line":1,"column":23},"end":{"line":6,"column":1}}}},"branchMap":{"0":{"loc":{"start":{"line":1,"column":12},"end":{"line":1,"column":null}},"type":"binary-expr","locations":[{"start":{"line":1,"column":12},"end":{"line":1,"column":23}},{"start":{"line":1,"column":23},"end":{"line":1,"column":null}}]}},"s":{"0":2,"1":2,"2":2,"3":2,"4":2,"5":2},"f":{"0":2},"b":{"0":[2,2]}}
,"/Users/iesora/workspace/blog-auto/src/blog-generator/blog-generator.module.ts": {"path":"/Users/iesora/workspace/blog-auto/src/blog-generator/blog-generator.module.ts","statementMap":{"0":{"start":{"line":1,"column":0},"end":{"line":1,"column":40}},"1":{"start":{"line":2,"column":0},"end":{"line":2,"column":70}},"2":{"start":{"line":3,"column":0},"end":{"line":3,"column":64}},"3":{"start":{"line":4,"column":0},"end":{"line":4,"column":66}},"4":{"start":{"line":5,"column":0},"end":{"line":5,"column":64}},"5":{"start":{"line":12,"column":7},"end":{"line":12,"column":null}},"6":{"start":{"line":12,"column":13},"end":{"line":12,"column":32}},"7":{"start":{"line":12,"column":13},"end":{"line":12,"column":null}}},"fnMap":{},"branchMap":{},"s":{"0":0,"1":0,"2":0,"3":0,"4":0,"5":0,"6":0,"7":0},"f":{},"b":{}}
,"/Users/iesora/workspace/blog-auto/src/blog-generator/blog-generator.service.ts": {"path":"/Users/iesora/workspace/blog-auto/src/blog-generator/blog-generator.service.ts","statementMap":{"0":{"start":{"line":1,"column":0},"end":{"line":1,"column":52}},"1":{"start":{"line":2,"column":0},"end":{"line":2,"column":47}},"2":{"start":{"line":3,"column":0},"end":{"line":3,"column":42}},"3":{"start":{"line":4,"column":0},"end":{"line":4,"column":66}},"4":{"start":{"line":5,"column":0},"end":{"line":5,"column":66}},"5":{"start":{"line":6,"column":0},"end":{"line":6,"column":68}},"6":{"start":{"line":7,"column":0},"end":{"line":7,"column":49}},"7":{"start":{"line":26,"column":48},"end":{"line":31,"column":2}},"8":{"start":{"line":34,"column":33},"end":{"line":356,"column":null}},"9":{"start":{"line":35,"column":28},"end":{"line":35,"column":65}},"10":{"start":{"line":39,"column":21},"end":{"line":39,"column":36}},"11":{"start":{"line":40,"column":21},"end":{"line":40,"column":39}},"12":{"start":{"line":41,"column":21},"end":{"line":41,"column":44}},"13":{"start":{"line":43,"column":4},"end":{"line":45,"column":7}},"14":{"start":{"line":49,"column":24},"end":{"line":49,"column":58}},"15":{"start":{"line":50,"column":24},"end":{"line":50,"column":47}},"16":{"start":{"line":51,"column":4},"end":{"line":53,"column":6}},"17":{"start":{"line":56,"column":17},"end":{"line":56,"column":61}},"18":{"start":{"line":59,"column":29},"end":{"line":59,"column":67}},"19":{"start":{"line":60,"column":29},"end":{"line":62,"column":null}},"20":{"start":{"line":65,"column":25},"end":{"line":68,"column":null}},"21":{"start":{"line":72,"column":27},"end":{"line":74,"column":null}},"22":{"start":{"line":78,"column":18},"end":{"line":78,"column":30}},"23":{"start":{"line":79,"column":4},"end":{"line":83,"column":7}},"24":{"start":{"line":80,"column":26},"end":{"line":80,"column":47}},"25":{"start":{"line":81,"column":25},"end":{"line":81,"column":231}},"26":{"start":{"line":82,"column":6},"end":{"line":82,"column":57}},"27":{"start":{"line":86,"column":4},"end":{"line":86,"column":57}},"28":{"start":{"line":89,"column":4},"end":{"line":91,"column":5}},"29":{"start":{"line":90,"column":6},"end":{"line":90,"column":47}},"30":{"start":{"line":95,"column":6},"end":{"line":95,"column":57}},"31":{"start":{"line":96,"column":21},"end":{"line":96,"column":61}},"32":{"start":{"line":98,"column":34},"end":{"line":101,"column":6}},"33":{"start":{"line":104,"column":28},"end":{"line":104,"column":64}},"34":{"start":{"line":105,"column":17},"end":{"line":114,"column":6}},"35":{"start":{"line":116,"column":4},"end":{"line":116,"column":75}},"36":{"start":{"line":118,"column":4},"end":{"line":132,"column":6}},"37":{"start":{"line":141,"column":19},"end":{"line":141,"column":68}},"38":{"start":{"line":143,"column":20},"end":{"line":147,"column":6}},"39":{"start":{"line":149,"column":4},"end":{"line":151,"column":5}},"40":{"start":{"line":150,"column":6},"end":{"line":150,"column":70}},"41":{"start":{"line":154,"column":6},"end":{"line":154,"column":71}},"42":{"start":{"line":156,"column":22},"end":{"line":156,"column":47}},"43":{"start":{"line":157,"column":4},"end":{"line":159,"column":5}},"44":{"start":{"line":158,"column":6},"end":{"line":158,"column":64}},"45":{"start":{"line":161,"column":18},"end":{"line":161,"column":30}},"46":{"start":{"line":163,"column":4},"end":{"line":170,"column":5}},"47":{"start":{"line":164,"column":6},"end":{"line":164,"column":50}},"48":{"start":{"line":167,"column":6},"end":{"line":167,"column":66}},"49":{"start":{"line":168,"column":6},"end":{"line":168,"column":50}},"50":{"start":{"line":169,"column":6},"end":{"line":169,"column":50}},"51":{"start":{"line":175,"column":23},"end":{"line":175,"column":64}},"52":{"start":{"line":176,"column":4},"end":{"line":178,"column":5}},"53":{"start":{"line":177,"column":6},"end":{"line":177,"column":21}},"54":{"start":{"line":181,"column":17},"end":{"line":181,"column":18}},"55":{"start":{"line":182,"column":19},"end":{"line":182,"column":20}},"56":{"start":{"line":183,"column":19},"end":{"line":183,"column":24}},"57":{"start":{"line":184,"column":4},"end":{"line":199,"column":5}},"58":{"start":{"line":184,"column":17},"end":{"line":184,"column":18}},"59":{"start":{"line":185,"column":17},"end":{"line":185,"column":27}},"60":{"start":{"line":186,"column":6},"end":{"line":189,"column":7}},"61":{"start":{"line":187,"column":8},"end":{"line":187,"column":12}},"62":{"start":{"line":188,"column":8},"end":{"line":188,"column":17}},"63":{"start":{"line":190,"column":6},"end":{"line":193,"column":7}},"64":{"start":{"line":191,"column":8},"end":{"line":191,"column":29}},"65":{"start":{"line":192,"column":8},"end":{"line":192,"column":17}},"66":{"start":{"line":194,"column":6},"end":{"line":194,"column":29}},"67":{"start":{"line":194,"column":20},"end":{"line":194,"column":29}},"68":{"start":{"line":195,"column":6},"end":{"line":198,"column":38}},"69":{"start":{"line":195,"column":22},"end":{"line":195,"column":31}},"70":{"start":{"line":196,"column":11},"end":{"line":198,"column":38}},"71":{"start":{"line":196,"column":27},"end":{"line":196,"column":36}},"72":{"start":{"line":197,"column":11},"end":{"line":198,"column":38}},"73":{"start":{"line":197,"column":27},"end":{"line":197,"column":38}},"74":{"start":{"line":198,"column":11},"end":{"line":198,"column":38}},"75":{"start":{"line":198,"column":27},"end":{"line":198,"column":38}},"76":{"start":{"line":202,"column":4},"end":{"line":202,"column":54}},"77":{"start":{"line":203,"column":4},"end":{"line":203,"column":43}},"78":{"start":{"line":205,"column":4},"end":{"line":208,"column":5}},"79":{"start":{"line":206,"column":6},"end":{"line":206,"column":21}},"80":{"start":{"line":207,"column":6},"end":{"line":207,"column":17}},"81":{"start":{"line":209,"column":4},"end":{"line":212,"column":5}},"82":{"start":{"line":210,"column":6},"end":{"line":210,"column":21}},"83":{"start":{"line":211,"column":6},"end":{"line":211,"column":15}},"84":{"start":{"line":214,"column":4},"end":{"line":214,"column":19}},"85":{"start":{"line":227,"column":21},"end":{"line":244,"column":6}},"86":{"start":{"line":231,"column":10},"end":{"line":231,"column":74}},"87":{"start":{"line":232,"column":10},"end":{"line":232,"column":22}},"88":{"start":{"line":235,"column":8},"end":{"line":241,"column":null}},"89":{"start":{"line":237,"column":12},"end":{"line":239,"column":14}},"90":{"start":{"line":240,"column":12},"end":{"line":240,"column":24}},"91":{"start":{"line":246,"column":20},"end":{"line":246,"column":47}},"92":{"start":{"line":247,"column":4},"end":{"line":250,"column":6}},"93":{"start":{"line":262,"column":17},"end":{"line":262,"column":97}},"94":{"start":{"line":266,"column":4},"end":{"line":279,"column":5}},"95":{"start":{"line":267,"column":6},"end":{"line":278,"column":7}},"96":{"start":{"line":268,"column":25},"end":{"line":268,"column":62}},"97":{"start":{"line":269,"column":22},"end":{"line":272,"column":null}},"98":{"start":{"line":274,"column":8},"end":{"line":274,"column":31}},"99":{"start":{"line":275,"column":8},"end":{"line":275,"column":92}},"100":{"start":{"line":277,"column":8},"end":{"line":277,"column":68}},"101":{"start":{"line":282,"column":52},"end":{"line":282,"column":54}},"102":{"start":{"line":283,"column":4},"end":{"line":298,"column":5}},"103":{"start":{"line":283,"column":17},"end":{"line":283,"column":18}},"104":{"start":{"line":284,"column":18},"end":{"line":284,"column":36}},"105":{"start":{"line":285,"column":6},"end":{"line":285,"column":25}},"106":{"start":{"line":285,"column":16},"end":{"line":285,"column":25}},"107":{"start":{"line":286,"column":6},"end":{"line":297,"column":7}},"108":{"start":{"line":287,"column":25},"end":{"line":287,"column":65}},"109":{"start":{"line":288,"column":22},"end":{"line":291,"column":null}},"110":{"start":{"line":293,"column":8},"end":{"line":293,"column":63}},"111":{"start":{"line":294,"column":8},"end":{"line":294,"column":101}},"112":{"start":{"line":296,"column":8},"end":{"line":296,"column":77}},"113":{"start":{"line":300,"column":4},"end":{"line":300,"column":37}},"114":{"start":{"line":306,"column":4},"end":{"line":306,"column":38}},"115":{"start":{"line":306,"column":28},"end":{"line":306,"column":38}},"116":{"start":{"line":307,"column":4},"end":{"line":320,"column":5}},"117":{"start":{"line":308,"column":25},"end":{"line":308,"column":69}},"118":{"start":{"line":309,"column":6},"end":{"line":316,"column":56}},"119":{"start":{"line":311,"column":24},"end":{"line":312,"column":null}},"120":{"start":{"line":312,"column":37},"end":{"line":312,"column":52}},"121":{"start":{"line":314,"column":10},"end":{"line":314,"column":27}},"122":{"start":{"line":316,"column":38},"end":{"line":316,"column":54}},"123":{"start":{"line":318,"column":6},"end":{"line":318,"column":71}},"124":{"start":{"line":319,"column":6},"end":{"line":319,"column":16}},"125":{"start":{"line":326,"column":19},"end":{"line":337,"column":6}},"126":{"start":{"line":329,"column":37},"end":{"line":336,"column":8}},"127":{"start":{"line":338,"column":4},"end":{"line":338,"column":85}},"128":{"start":{"line":342,"column":4},"end":{"line":342,"column":38}},"129":{"start":{"line":342,"column":28},"end":{"line":342,"column":38}},"130":{"start":{"line":343,"column":4},"end":{"line":354,"column":5}},"131":{"start":{"line":344,"column":19},"end":{"line":344,"column":57}},"132":{"start":{"line":345,"column":6},"end":{"line":350,"column":56}},"133":{"start":{"line":347,"column":24},"end":{"line":347,"column":75}},"134":{"start":{"line":347,"column":59},"end":{"line":347,"column":74}},"135":{"start":{"line":348,"column":10},"end":{"line":348,"column":27}},"136":{"start":{"line":350,"column":38},"end":{"line":350,"column":54}},"137":{"start":{"line":352,"column":6},"end":{"line":352,"column":65}},"138":{"start":{"line":353,"column":6},"end":{"line":353,"column":16}},"139":{"start":{"line":34,"column":13},"end":{"line":34,"column":33}},"140":{"start":{"line":34,"column":13},"end":{"line":356,"column":null}}},"fnMap":{"0":{"name":"(anonymous_3)","decl":{"start":{"line":38,"column":2},"end":{"line":38,"column":null}},"loc":{"start":{"line":41,"column":65},"end":{"line":46,"column":3}}},"1":{"name":"(anonymous_4)","decl":{"start":{"line":48,"column":2},"end":{"line":48,"column":7}},"loc":{"start":{"line":48,"column":51},"end":{"line":133,"column":3}}},"2":{"name":"(anonymous_5)","decl":{"start":{"line":79,"column":36},"end":{"line":79,"column":37}},"loc":{"start":{"line":79,"column":47},"end":{"line":83,"column":5}}},"3":{"name":"(anonymous_6)","decl":{"start":{"line":137,"column":10},"end":{"line":137,"column":15}},"loc":{"start":{"line":139,"column":28},"end":{"line":171,"column":3}}},"4":{"name":"(anonymous_7)","decl":{"start":{"line":173,"column":10},"end":{"line":173,"column":29}},"loc":{"start":{"line":173,"column":45},"end":{"line":215,"column":3}}},"5":{"name":"(anonymous_8)","decl":{"start":{"line":219,"column":10},"end":{"line":219,"column":15}},"loc":{"start":{"line":222,"column":59},"end":{"line":251,"column":3}}},"6":{"name":"(anonymous_9)","decl":{"start":{"line":230,"column":15},"end":{"line":230,"column":16}},"loc":{"start":{"line":230,"column":23},"end":{"line":233,"column":9}}},"7":{"name":"(anonymous_10)","decl":{"start":{"line":234,"column":30},"end":{"line":234,"column":31}},"loc":{"start":{"line":235,"column":8},"end":{"line":241,"column":null}}},"8":{"name":"(anonymous_11)","decl":{"start":{"line":236,"column":10},"end":{"line":236,"column":11}},"loc":{"start":{"line":236,"column":18},"end":{"line":241,"column":11}}},"9":{"name":"(anonymous_12)","decl":{"start":{"line":255,"column":10},"end":{"line":255,"column":15}},"loc":{"start":{"line":257,"column":69},"end":{"line":301,"column":3}}},"10":{"name":"(anonymous_13)","decl":{"start":{"line":305,"column":10},"end":{"line":305,"column":15}},"loc":{"start":{"line":305,"column":49},"end":{"line":321,"column":3}}},"11":{"name":"(anonymous_14)","decl":{"start":{"line":310,"column":13},"end":{"line":310,"column":14}},"loc":{"start":{"line":310,"column":22},"end":{"line":315,"column":9}}},"12":{"name":"(anonymous_15)","decl":{"start":{"line":312,"column":12},"end":{"line":312,"column":13}},"loc":{"start":{"line":312,"column":37},"end":{"line":312,"column":52}}},"13":{"name":"(anonymous_16)","decl":{"start":{"line":316,"column":16},"end":{"line":316,"column":17}},"loc":{"start":{"line":316,"column":38},"end":{"line":316,"column":54}}},"14":{"name":"(anonymous_17)","decl":{"start":{"line":325,"column":2},"end":{"line":325,"column":16}},"loc":{"start":{"line":325,"column":31},"end":{"line":339,"column":3}}},"15":{"name":"(anonymous_18)","decl":{"start":{"line":329,"column":26},"end":{"line":329,"column":27}},"loc":{"start":{"line":329,"column":37},"end":{"line":336,"column":8}}},"16":{"name":"(anonymous_19)","decl":{"start":{"line":341,"column":10},"end":{"line":341,"column":15}},"loc":{"start":{"line":341,"column":43},"end":{"line":355,"column":3}}},"17":{"name":"(anonymous_20)","decl":{"start":{"line":346,"column":13},"end":{"line":346,"column":14}},"loc":{"start":{"line":346,"column":22},"end":{"line":349,"column":9}}},"18":{"name":"(anonymous_21)","decl":{"start":{"line":347,"column":34},"end":{"line":347,"column":35}},"loc":{"start":{"line":347,"column":59},"end":{"line":347,"column":74}}},"19":{"name":"(anonymous_22)","decl":{"start":{"line":350,"column":16},"end":{"line":350,"column":17}},"loc":{"start":{"line":350,"column":38},"end":{"line":350,"column":54}}}},"branchMap":{"0":{"loc":{"start":{"line":49,"column":24},"end":{"line":49,"column":58}},"type":"binary-expr","locations":[{"start":{"line":49,"column":24},"end":{"line":49,"column":39}},{"start":{"line":49,"column":43},"end":{"line":49,"column":58}}]},"1":{"loc":{"start":{"line":59,"column":38},"end":{"line":59,"column":63}},"type":"binary-expr","locations":[{"start":{"line":59,"column":38},"end":{"line":59,"column":58}},{"start":{"line":59,"column":62},"end":{"line":59,"column":63}}]},"2":{"loc":{"start":{"line":60,"column":30},"end":{"line":60,"column":54}},"type":"binary-expr","locations":[{"start":{"line":60,"column":30},"end":{"line":60,"column":48}},{"start":{"line":60,"column":52},"end":{"line":60,"column":54}}]},"3":{"loc":{"start":{"line":81,"column":86},"end":{"line":81,"column":120}},"type":"binary-expr","locations":[{"start":{"line":81,"column":86},"end":{"line":81,"column":114}},{"start":{"line":81,"column":118},"end":{"line":81,"column":120}}]},"4":{"loc":{"start":{"line":81,"column":127},"end":{"line":81,"column":220}},"type":"cond-expr","locations":[{"start":{"line":81,"column":158},"end":{"line":81,"column":215}},{"start":{"line":81,"column":218},"end":{"line":81,"column":220}}]},"5":{"loc":{"start":{"line":89,"column":4},"end":{"line":91,"column":5}},"type":"if","locations":[{"start":{"line":89,"column":4},"end":{"line":91,"column":5}},{"start":{},"end":{}}]},"6":{"loc":{"start":{"line":89,"column":8},"end":{"line":89,"column":39}},"type":"binary-expr","locations":[{"start":{"line":89,"column":8},"end":{"line":89,"column":16}},{"start":{"line":89,"column":20},"end":{"line":89,"column":39}}]},"7":{"loc":{"start":{"line":95,"column":6},"end":{"line":95,"column":57}},"type":"binary-expr","locations":[{"start":{"line":95,"column":6},"end":{"line":95,"column":23}},{"start":{"line":95,"column":27},"end":{"line":95,"column":51}},{"start":{"line":95,"column":55},"end":{"line":95,"column":57}}]},"8":{"loc":{"start":{"line":96,"column":21},"end":{"line":96,"column":61}},"type":"binary-expr","locations":[{"start":{"line":96,"column":21},"end":{"line":96,"column":33}},{"start":{"line":96,"column":37},"end":{"line":96,"column":55}},{"start":{"line":96,"column":59},"end":{"line":96,"column":61}}]},"9":{"loc":{"start":{"line":104,"column":28},"end":{"line":104,"column":64}},"type":"binary-expr","locations":[{"start":{"line":104,"column":28},"end":{"line":104,"column":48}},{"start":{"line":104,"column":52},"end":{"line":104,"column":64}}]},"10":{"loc":{"start":{"line":112,"column":18},"end":{"line":112,"column":66}},"type":"cond-expr","locations":[{"start":{"line":112,"column":43},"end":{"line":112,"column":54}},{"start":{"line":112,"column":57},"end":{"line":112,"column":66}}]},"11":{"loc":{"start":{"line":113,"column":12},"end":{"line":113,"column":50}},"type":"cond-expr","locations":[{"start":{"line":113,"column":32},"end":{"line":113,"column":38}},{"start":{"line":113,"column":41},"end":{"line":113,"column":50}}]},"12":{"loc":{"start":{"line":128,"column":16},"end":{"line":128,"column":37}},"type":"binary-expr","locations":[{"start":{"line":128,"column":16},"end":{"line":128,"column":32}},{"start":{"line":128,"column":36},"end":{"line":128,"column":37}}]},"13":{"loc":{"start":{"line":149,"column":4},"end":{"line":151,"column":5}},"type":"if","locations":[{"start":{"line":149,"column":4},"end":{"line":151,"column":5}},{"start":{},"end":{}}]},"14":{"loc":{"start":{"line":154,"column":6},"end":{"line":154,"column":71}},"type":"cond-expr","locations":[{"start":{"line":154,"column":43},"end":{"line":154,"column":66}},{"start":{"line":154,"column":69},"end":{"line":154,"column":71}}]},"15":{"loc":{"start":{"line":157,"column":4},"end":{"line":159,"column":5}},"type":"if","locations":[{"start":{"line":157,"column":4},"end":{"line":159,"column":5}},{"start":{},"end":{}}]},"16":{"loc":{"start":{"line":175,"column":24},"end":{"line":175,"column":56}},"type":"binary-expr","locations":[{"start":{"line":175,"column":24},"end":{"line":175,"column":50}},{"start":{"line":175,"column":54},"end":{"line":175,"column":56}}]},"17":{"loc":{"start":{"line":176,"column":4},"end":{"line":178,"column":5}},"type":"if","locations":[{"start":{"line":176,"column":4},"end":{"line":178,"column":5}},{"start":{},"end":{}}]},"18":{"loc":{"start":{"line":186,"column":6},"end":{"line":189,"column":7}},"type":"if","locations":[{"start":{"line":186,"column":6},"end":{"line":189,"column":7}},{"start":{},"end":{}}]},"19":{"loc":{"start":{"line":186,"column":10},"end":{"line":186,"column":33}},"type":"binary-expr","locations":[{"start":{"line":186,"column":10},"end":{"line":186,"column":21}},{"start":{"line":186,"column":25},"end":{"line":186,"column":33}}]},"20":{"loc":{"start":{"line":190,"column":6},"end":{"line":193,"column":7}},"type":"if","locations":[{"start":{"line":190,"column":6},"end":{"line":193,"column":7}},{"start":{},"end":{}}]},"21":{"loc":{"start":{"line":194,"column":6},"end":{"line":194,"column":29}},"type":"if","locations":[{"start":{"line":194,"column":6},"end":{"line":194,"column":29}},{"start":{},"end":{}}]},"22":{"loc":{"start":{"line":195,"column":6},"end":{"line":198,"column":38}},"type":"if","locations":[{"start":{"line":195,"column":6},"end":{"line":198,"column":38}},{"start":{"line":196,"column":11},"end":{"line":198,"column":38}}]},"23":{"loc":{"start":{"line":196,"column":11},"end":{"line":198,"column":38}},"type":"if","locations":[{"start":{"line":196,"column":11},"end":{"line":198,"column":38}},{"start":{"line":197,"column":11},"end":{"line":198,"column":38}}]},"24":{"loc":{"start":{"line":197,"column":11},"end":{"line":198,"column":38}},"type":"if","locations":[{"start":{"line":197,"column":11},"end":{"line":198,"column":38}},{"start":{"line":198,"column":11},"end":{"line":198,"column":38}}]},"25":{"loc":{"start":{"line":198,"column":11},"end":{"line":198,"column":38}},"type":"if","locations":[{"start":{"line":198,"column":11},"end":{"line":198,"column":38}},{"start":{},"end":{}}]},"26":{"loc":{"start":{"line":262,"column":18},"end":{"line":262,"column":79}},"type":"binary-expr","locations":[{"start":{"line":262,"column":18},"end":{"line":262,"column":69}},{"start":{"line":262,"column":73},"end":{"line":262,"column":79}}]},"27":{"loc":{"start":{"line":266,"column":4},"end":{"line":279,"column":5}},"type":"if","locations":[{"start":{"line":266,"column":4},"end":{"line":279,"column":5}},{"start":{},"end":{}}]},"28":{"loc":{"start":{"line":285,"column":6},"end":{"line":285,"column":25}},"type":"if","locations":[{"start":{"line":285,"column":6},"end":{"line":285,"column":25}},{"start":{},"end":{}}]},"29":{"loc":{"start":{"line":306,"column":4},"end":{"line":306,"column":38}},"type":"if","locations":[{"start":{"line":306,"column":4},"end":{"line":306,"column":38}},{"start":{},"end":{}}]},"30":{"loc":{"start":{"line":342,"column":4},"end":{"line":342,"column":38}},"type":"if","locations":[{"start":{"line":342,"column":4},"end":{"line":342,"column":38}},{"start":{},"end":{}}]},"31":{"loc":{"start":{"line":39,"column":36},"end":{"line":39,"column":null}},"type":"cond-expr","locations":[{"start":{"line":39,"column":49},"end":{"line":39,"column":null}},{"start":{"line":39,"column":49},"end":{"line":39,"column":null}}]},"32":{"loc":{"start":{"line":39,"column":36},"end":{"line":39,"column":49}},"type":"binary-expr","locations":[{"start":{"line":39,"column":36},"end":{"line":39,"column":null}},{"start":{"line":39,"column":36},"end":{"line":39,"column":49}}]},"33":{"loc":{"start":{"line":39,"column":49},"end":{"line":40,"column":null}},"type":"cond-expr","locations":[{"start":{"line":40,"column":55},"end":{"line":40,"column":null}},{"start":{"line":40,"column":55},"end":{"line":40,"column":null}}]},"34":{"loc":{"start":{"line":39,"column":49},"end":{"line":40,"column":55}},"type":"binary-expr","locations":[{"start":{"line":39,"column":49},"end":{"line":40,"column":null}},{"start":{"line":40,"column":39},"end":{"line":40,"column":55}}]},"35":{"loc":{"start":{"line":40,"column":55},"end":{"line":41,"column":null}},"type":"cond-expr","locations":[{"start":{"line":41,"column":65},"end":{"line":41,"column":null}},{"start":{"line":41,"column":65},"end":{"line":41,"column":null}}]},"36":{"loc":{"start":{"line":40,"column":55},"end":{"line":41,"column":65}},"type":"binary-expr","locations":[{"start":{"line":40,"column":55},"end":{"line":41,"column":null}},{"start":{"line":41,"column":44},"end":{"line":41,"column":65}}]}},"s":{"0":1,"1":1,"2":1,"3":1,"4":1,"5":1,"6":1,"7":1,"8":1,"9":13,"10":13,"11":13,"12":13,"13":13,"14":0,"15":0,"16":0,"17":0,"18":0,"19":0,"20":0,"21":0,"22":0,"23":0,"24":0,"25":0,"26":0,"27":0,"28":0,"29":0,"30":0,"31":0,"32":0,"33":0,"34":0,"35":0,"36":0,"37":0,"38":0,"39":0,"40":0,"41":0,"42":0,"43":0,"44":0,"45":0,"46":0,"47":0,"48":0,"49":0,"50":0,"51":5,"52":5,"53":2,"54":5,"55":5,"56":5,"57":5,"58":5,"59":162,"60":162,"61":0,"62":0,"63":162,"64":40,"65":40,"66":122,"67":99,"68":23,"69":5,"70":18,"71":1,"72":17,"73":1,"74":16,"75":0,"76":5,"77":5,"78":5,"79":1,"80":1,"81":5,"82":4,"83":4,"84":5,"85":0,"86":0,"87":0,"88":0,"89":0,"90":0,"91":0,"92":0,"93":0,"94":0,"95":0,"96":0,"97":0,"98":0,"99":0,"100":0,"101":0,"102":0,"103":0,"104":0,"105":0,"106":0,"107":0,"108":0,"109":0,"110":0,"111":0,"112":0,"113":0,"114":3,"115":1,"116":2,"117":2,"118":2,"119":2,"120":2,"121":2,"122":2,"123":0,"124":0,"125":2,"126":2,"127":2,"128":2,"129":0,"130":2,"131":2,"132":1,"133":2,"134":3,"135":2,"136":2,"137":1,"138":1,"139":1,"140":1},"f":{"0":13,"1":0,"2":0,"3":0,"4":5,"5":0,"6":0,"7":0,"8":0,"9":0,"10":3,"11":2,"12":2,"13":2,"14":2,"15":2,"16":2,"17":2,"18":3,"19":2},"b":{"0":[0,0],"1":[0,0],"2":[0,0],"3":[0,0],"4":[0,0],"5":[0,0],"6":[0,0],"7":[0,0,0],"8":[0,0,0],"9":[0,0],"10":[0,0],"11":[0,0],"12":[0,0],"13":[0,0],"14":[0,0],"15":[0,0],"16":[5,0],"17":[2,3],"18":[0,162],"19":[162,0],"20":[40,122],"21":[99,23],"22":[5,18],"23":[1,17],"24":[1,16],"25":[0,16],"26":[0,0],"27":[0,0],"28":[0,0],"29":[1,2],"30":[0,2],"31":[1,0],"32":[1,1],"33":[1,0],"34":[1,1],"35":[1,0],"36":[1,1]}}
,"/Users/iesora/workspace/blog-auto/src/blog-generator/image-generator.service.ts": {"path":"/Users/iesora/workspace/blog-auto/src/blog-generator/image-generator.service.ts","statementMap":{"0":{"start":{"line":1,"column":0},"end":{"line":1,"column":52}},"1":{"start":{"line":2,"column":0},"end":{"line":2,"column":47}},"2":{"start":{"line":3,"column":0},"end":{"line":3,"column":44}},"3":{"start":{"line":4,"column":0},"end":{"line":4,"column":51}},"4":{"start":{"line":7,"column":2},"end":{"line":7,"column":137}},"5":{"start":{"line":9,"column":55},"end":{"line":18,"column":2}},"6":{"start":{"line":20,"column":28},"end":{"line":29,"column":79}},"7":{"start":{"line":31,"column":32},"end":{"line":31,"column":33}},"8":{"start":{"line":34,"column":34},"end":{"line":150,"column":null}},"9":{"start":{"line":35,"column":28},"end":{"line":35,"column":66}},"10":{"start":{"line":38,"column":31},"end":{"line":38,"column":46}},"11":{"start":{"line":39,"column":4},"end":{"line":41,"column":7}},"12":{"start":{"line":48,"column":4},"end":{"line":48,"column":64}},"13":{"start":{"line":50,"column":23},"end":{"line":50,"column":53}},"14":{"start":{"line":51,"column":19},"end":{"line":51,"column":96}},"15":{"start":{"line":53,"column":4},"end":{"line":53,"column":53}},"16":{"start":{"line":57,"column":4},"end":{"line":57,"column":48}},"17":{"start":{"line":59,"column":23},"end":{"line":61,"column":35}},"18":{"start":{"line":63,"column":4},"end":{"line":63,"column":57}},"19":{"start":{"line":67,"column":4},"end":{"line":84,"column":5}},"20":{"start":{"line":67,"column":23},"end":{"line":67,"column":24}},"21":{"start":{"line":68,"column":21},"end":{"line":68,"column":53}},"22":{"start":{"line":69,"column":27},"end":{"line":69,"column":62}},"23":{"start":{"line":71,"column":6},"end":{"line":73,"column":7}},"24":{"start":{"line":72,"column":8},"end":{"line":72,"column":22}},"25":{"start":{"line":75,"column":6},"end":{"line":77,"column":8}},"26":{"start":{"line":79,"column":6},"end":{"line":83,"column":7}},"27":{"start":{"line":80,"column":8},"end":{"line":82,"column":10}},"28":{"start":{"line":86,"column":4},"end":{"line":86,"column":68}},"29":{"start":{"line":92,"column":4},"end":{"line":129,"column":5}},"30":{"start":{"line":93,"column":26},"end":{"line":93,"column":56}},"31":{"start":{"line":95,"column":23},"end":{"line":111,"column":8}},"32":{"start":{"line":113,"column":19},"end":{"line":113,"column":46}},"33":{"start":{"line":114,"column":24},"end":{"line":114,"column":49}},"34":{"start":{"line":116,"column":6},"end":{"line":119,"column":7}},"35":{"start":{"line":117,"column":8},"end":{"line":117,"column":80}},"36":{"start":{"line":118,"column":8},"end":{"line":118,"column":80}},"37":{"start":{"line":121,"column":21},"end":{"line":121,"column":45}},"38":{"start":{"line":122,"column":6},"end":{"line":125,"column":8}},"39":{"start":{"line":127,"column":6},"end":{"line":127,"column":62}},"40":{"start":{"line":128,"column":6},"end":{"line":128,"column":75}},"41":{"start":{"line":133,"column":21},"end":{"line":139,"column":6}},"42":{"start":{"line":141,"column":18},"end":{"line":141,"column":47}},"43":{"start":{"line":142,"column":4},"end":{"line":144,"column":5}},"44":{"start":{"line":143,"column":6},"end":{"line":143,"column":50}},"45":{"start":{"line":146,"column":19},"end":{"line":146,"column":64}},"46":{"start":{"line":147,"column":4},"end":{"line":147,"column":63}},"47":{"start":{"line":148,"column":4},"end":{"line":148,"column":18}},"48":{"start":{"line":34,"column":13},"end":{"line":34,"column":34}},"49":{"start":{"line":34,"column":13},"end":{"line":150,"column":null}}},"fnMap":{"0":{"name":"(anonymous_2)","decl":{"start":{"line":38,"column":2},"end":{"line":38,"column":31}},"loc":{"start":{"line":38,"column":59},"end":{"line":42,"column":3}}},"1":{"name":"(anonymous_3)","decl":{"start":{"line":44,"column":2},"end":{"line":44,"column":7}},"loc":{"start":{"line":46,"column":46},"end":{"line":54,"column":3}}},"2":{"name":"(anonymous_4)","decl":{"start":{"line":56,"column":2},"end":{"line":56,"column":7}},"loc":{"start":{"line":56,"column":43},"end":{"line":64,"column":3}}},"3":{"name":"(anonymous_5)","decl":{"start":{"line":66,"column":10},"end":{"line":66,"column":15}},"loc":{"start":{"line":66,"column":59},"end":{"line":87,"column":3}}},"4":{"name":"(anonymous_6)","decl":{"start":{"line":89,"column":10},"end":{"line":89,"column":15}},"loc":{"start":{"line":90,"column":23},"end":{"line":130,"column":3}}},"5":{"name":"(anonymous_7)","decl":{"start":{"line":132,"column":10},"end":{"line":132,"column":15}},"loc":{"start":{"line":132,"column":44},"end":{"line":149,"column":3}}}},"branchMap":{"0":{"loc":{"start":{"line":46,"column":4},"end":{"line":46,"column":46}},"type":"default-arg","locations":[{"start":{"line":46,"column":31},"end":{"line":46,"column":46}}]},"1":{"loc":{"start":{"line":59,"column":23},"end":{"line":61,"column":35}},"type":"cond-expr","locations":[{"start":{"line":60,"column":8},"end":{"line":60,"column":14}},{"start":{"line":61,"column":8},"end":{"line":61,"column":35}}]},"2":{"loc":{"start":{"line":71,"column":6},"end":{"line":73,"column":7}},"type":"if","locations":[{"start":{"line":71,"column":6},"end":{"line":73,"column":7}},{"start":{},"end":{}}]},"3":{"loc":{"start":{"line":79,"column":6},"end":{"line":83,"column":7}},"type":"if","locations":[{"start":{"line":79,"column":6},"end":{"line":83,"column":7}},{"start":{},"end":{}}]},"4":{"loc":{"start":{"line":113,"column":19},"end":{"line":113,"column":46}},"type":"binary-expr","locations":[{"start":{"line":113,"column":19},"end":{"line":113,"column":40}},{"start":{"line":113,"column":44},"end":{"line":113,"column":46}}]},"5":{"loc":{"start":{"line":116,"column":6},"end":{"line":119,"column":7}},"type":"if","locations":[{"start":{"line":116,"column":6},"end":{"line":119,"column":7}},{"start":{},"end":{}}]},"6":{"loc":{"start":{"line":142,"column":4},"end":{"line":144,"column":5}},"type":"if","locations":[{"start":{"line":142,"column":4},"end":{"line":144,"column":5}},{"start":{},"end":{}}]},"7":{"loc":{"start":{"line":38,"column":46},"end":{"line":38,"column":null}},"type":"cond-expr","locations":[{"start":{"line":38,"column":59},"end":{"line":38,"column":null}},{"start":{"line":38,"column":59},"end":{"line":38,"column":null}}]},"8":{"loc":{"start":{"line":38,"column":46},"end":{"line":38,"column":59}},"type":"binary-expr","locations":[{"start":{"line":38,"column":46},"end":{"line":38,"column":null}},{"start":{"line":38,"column":46},"end":{"line":38,"column":59}}]}},"s":{"0":1,"1":1,"2":1,"3":1,"4":1,"5":1,"6":1,"7":1,"8":1,"9":0,"10":0,"11":0,"12":0,"13":0,"14":0,"15":0,"16":0,"17":0,"18":0,"19":0,"20":0,"21":0,"22":0,"23":0,"24":0,"25":0,"26":0,"27":0,"28":0,"29":0,"30":0,"31":0,"32":0,"33":0,"34":0,"35":0,"36":0,"37":0,"38":0,"39":0,"40":0,"41":0,"42":0,"43":0,"44":0,"45":0,"46":0,"47":0,"48":1,"49":1},"f":{"0":0,"1":0,"2":0,"3":0,"4":0,"5":0},"b":{"0":[0],"1":[0,0],"2":[0,0],"3":[0,0],"4":[0,0],"5":[0,0],"6":[0,0],"7":[1,0],"8":[1,1]}}
,"/Users/iesora/workspace/blog-auto/src/blog-generator/prompt-templates.ts": {"path":"/Users/iesora/workspace/blog-auto/src/blog-generator/prompt-templates.ts","statementMap":{"0":{"start":{"line":176,"column":0},"end":{"line":176,"column":16}},"1":{"start":{"line":1,"column":0},"end":{"line":1,"column":51}},"2":{"start":{"line":3,"column":21},"end":{"line":18,"column":2}},"3":{"start":{"line":20,"column":21},"end":{"line":47,"column":2}},"4":{"start":{"line":49,"column":20},"end":{"line":85,"column":2}},"5":{"start":{"line":87,"column":13},"end":{"line":174,"column":2}},"6":{"start":{"line":181,"column":19},"end":{"line":181,"column":48}},"7":{"start":{"line":182,"column":22},"end":{"line":182,"column":41}},"8":{"start":{"line":183,"column":20},"end":{"line":183,"column":51}},"9":{"start":{"line":185,"column":2},"end":{"line":187,"column":37}}},"fnMap":{"0":{"name":"buildPrompt","decl":{"start":{"line":176,"column":16},"end":{"line":176,"column":27}},"loc":{"start":{"line":179,"column":16},"end":{"line":188,"column":1}}}},"branchMap":{"0":{"loc":{"start":{"line":183,"column":20},"end":{"line":183,"column":51}},"type":"cond-expr","locations":[{"start":{"line":183,"column":28},"end":{"line":183,"column":46}},{"start":{"line":183,"column":49},"end":{"line":183,"column":51}}]}},"s":{"0":2,"1":2,"2":2,"3":2,"4":2,"5":2,"6":5,"7":5,"8":5,"9":5},"f":{"0":5},"b":{"0":[1,4]}}
,"/Users/iesora/workspace/blog-auto/src/wordpress/wordpress.controller.ts": {"path":"/Users/iesora/workspace/blog-auto/src/wordpress/wordpress.controller.ts","statementMap":{"0":{"start":{"line":1,"column":0},"end":{"line":1,"column":null}},"1":{"start":{"line":12,"column":0},"end":{"line":12,"column":55}},"2":{"start":{"line":13,"column":0},"end":{"line":13,"column":63}},"3":{"start":{"line":16,"column":7},"end":{"line":64,"column":null}},"4":{"start":{"line":17,"column":31},"end":{"line":17,"column":49}},"5":{"start":{"line":21,"column":4},"end":{"line":21,"column":49}},"6":{"start":{"line":29,"column":4},"end":{"line":29,"column":53}},"7":{"start":{"line":34,"column":4},"end":{"line":34,"column":48}},"8":{"start":{"line":39,"column":4},"end":{"line":39,"column":45}},"9":{"start":{"line":48,"column":4},"end":{"line":52,"column":7}},"10":{"start":{"line":57,"column":4},"end":{"line":57,"column":50}},"11":{"start":{"line":62,"column":4},"end":{"line":62,"column":44}},"12":{"start":{"line":16,"column":13},"end":{"line":16,"column":32}},"13":{"start":{"line":20,"column":2},"end":{"line":22,"column":null}},"14":{"start":{"line":25,"column":2},"end":{"line":30,"column":null}},"15":{"start":{"line":33,"column":2},"end":{"line":35,"column":null}},"16":{"start":{"line":38,"column":2},"end":{"line":40,"column":null}},"17":{"start":{"line":43,"column":2},"end":{"line":53,"column":null}},"18":{"start":{"line":56,"column":2},"end":{"line":58,"column":null}},"19":{"start":{"line":61,"column":2},"end":{"line":63,"column":null}},"20":{"start":{"line":16,"column":13},"end":{"line":64,"column":null}}},"fnMap":{"0":{"name":"(anonymous_4)","decl":{"start":{"line":17,"column":2},"end":{"line":17,"column":31}},"loc":{"start":{"line":17,"column":65},"end":{"line":17,"column":69}}},"1":{"name":"(anonymous_5)","decl":{"start":{"line":20,"column":2},"end":{"line":20,"column":12}},"loc":{"start":{"line":20,"column":39},"end":{"line":22,"column":3}}},"2":{"name":"(anonymous_6)","decl":{"start":{"line":25,"column":2},"end":{"line":25,"column":12}},"loc":{"start":{"line":27,"column":30},"end":{"line":30,"column":3}}},"3":{"name":"(anonymous_7)","decl":{"start":{"line":33,"column":2},"end":{"line":33,"column":12}},"loc":{"start":{"line":33,"column":50},"end":{"line":35,"column":3}}},"4":{"name":"(anonymous_8)","decl":{"start":{"line":38,"column":2},"end":{"line":38,"column":9}},"loc":{"start":{"line":38,"column":47},"end":{"line":40,"column":3}}},"5":{"name":"(anonymous_9)","decl":{"start":{"line":43,"column":2},"end":{"line":43,"column":11}},"loc":{"start":{"line":46,"column":36},"end":{"line":53,"column":3}}},"6":{"name":"(anonymous_10)","decl":{"start":{"line":56,"column":2},"end":{"line":56,"column":16}},"loc":{"start":{"line":56,"column":16},"end":{"line":58,"column":3}}},"7":{"name":"(anonymous_11)","decl":{"start":{"line":61,"column":2},"end":{"line":61,"column":10}},"loc":{"start":{"line":61,"column":10},"end":{"line":63,"column":3}}}},"branchMap":{"0":{"loc":{"start":{"line":20,"column":26},"end":{"line":20,"column":null}},"type":"cond-expr","locations":[{"start":{"line":20,"column":39},"end":{"line":20,"column":null}},{"start":{"line":20,"column":39},"end":{"line":20,"column":null}}]},"1":{"loc":{"start":{"line":20,"column":26},"end":{"line":20,"column":39}},"type":"binary-expr","locations":[{"start":{"line":20,"column":26},"end":{"line":20,"column":null}},{"start":{"line":20,"column":26},"end":{"line":20,"column":39}}]},"2":{"loc":{"start":{"line":27,"column":17},"end":{"line":27,"column":null}},"type":"cond-expr","locations":[{"start":{"line":27,"column":30},"end":{"line":27,"column":null}},{"start":{"line":27,"column":30},"end":{"line":27,"column":null}}]},"3":{"loc":{"start":{"line":27,"column":17},"end":{"line":27,"column":30}},"type":"binary-expr","locations":[{"start":{"line":27,"column":17},"end":{"line":27,"column":null}},{"start":{"line":27,"column":17},"end":{"line":27,"column":30}}]},"4":{"loc":{"start":{"line":17,"column":49},"end":{"line":17,"column":68}},"type":"cond-expr","locations":[{"start":{"line":17,"column":65},"end":{"line":17,"column":68}},{"start":{"line":17,"column":65},"end":{"line":17,"column":68}}]},"5":{"loc":{"start":{"line":17,"column":49},"end":{"line":17,"column":65}},"type":"binary-expr","locations":[{"start":{"line":17,"column":49},"end":{"line":17,"column":68}},{"start":{"line":17,"column":49},"end":{"line":17,"column":65}}]}},"s":{"0":0,"1":0,"2":0,"3":0,"4":0,"5":0,"6":0,"7":0,"8":0,"9":0,"10":0,"11":0,"12":0,"13":0,"14":0,"15":0,"16":0,"17":0,"18":0,"19":0,"20":0},"f":{"0":0,"1":0,"2":0,"3":0,"4":0,"5":0,"6":0,"7":0},"b":{"0":[0,0],"1":[0,0],"2":[0,0],"3":[0,0],"4":[0,0],"5":[0,0]}}
,"/Users/iesora/workspace/blog-auto/src/wordpress/wordpress.dto.ts": {"path":"/Users/iesora/workspace/blog-auto/src/wordpress/wordpress.dto.ts","statementMap":{"0":{"start":{"line":1,"column":0},"end":{"line":1,"column":13}},"1":{"start":{"line":12,"column":0},"end":{"line":12,"column":13}}},"fnMap":{},"branchMap":{},"s":{"0":0,"1":0},"f":{},"b":{}}
,"/Users/iesora/workspace/blog-auto/src/wordpress/wordpress.module.ts": {"path":"/Users/iesora/workspace/blog-auto/src/wordpress/wordpress.module.ts","statementMap":{"0":{"start":{"line":1,"column":0},"end":{"line":1,"column":40}},"1":{"start":{"line":2,"column":0},"end":{"line":2,"column":61}},"2":{"start":{"line":3,"column":0},"end":{"line":3,"column":55}},"3":{"start":{"line":10,"column":7},"end":{"line":10,"column":null}},"4":{"start":{"line":10,"column":13},"end":{"line":10,"column":28}},"5":{"start":{"line":10,"column":13},"end":{"line":10,"column":null}}},"fnMap":{},"branchMap":{},"s":{"0":0,"1":0,"2":0,"3":0,"4":0,"5":0},"f":{},"b":{}}
,"/Users/iesora/workspace/blog-auto/src/wordpress/wordpress.service.ts": {"path":"/Users/iesora/workspace/blog-auto/src/wordpress/wordpress.service.ts","statementMap":{"0":{"start":{"line":1,"column":0},"end":{"line":1,"column":52}},"1":{"start":{"line":2,"column":0},"end":{"line":2,"column":47}},"2":{"start":{"line":3,"column":0},"end":{"line":3,"column":45}},"3":{"start":{"line":7,"column":29},"end":{"line":98,"column":null}},"4":{"start":{"line":8,"column":28},"end":{"line":8,"column":61}},"5":{"start":{"line":11,"column":31},"end":{"line":11,"column":46}},"6":{"start":{"line":12,"column":20},"end":{"line":12,"column":67}},"7":{"start":{"line":13,"column":21},"end":{"line":13,"column":73}},"8":{"start":{"line":14,"column":24},"end":{"line":15,"column":null}},"9":{"start":{"line":18,"column":18},"end":{"line":18,"column":78}},"10":{"start":{"line":20,"column":4},"end":{"line":26,"column":7}},"11":{"start":{"line":30,"column":21},"end":{"line":39,"column":6}},"12":{"start":{"line":41,"column":4},"end":{"line":41,"column":83}},"13":{"start":{"line":42,"column":4},"end":{"line":42,"column":16}},"14":{"start":{"line":46,"column":21},"end":{"line":46,"column":63}},"15":{"start":{"line":48,"column":4},"end":{"line":48,"column":51}},"16":{"start":{"line":49,"column":4},"end":{"line":49,"column":16}},"17":{"start":{"line":53,"column":21},"end":{"line":53,"column":61}},"18":{"start":{"line":55,"column":4},"end":{"line":55,"column":46}},"19":{"start":{"line":56,"column":4},"end":{"line":56,"column":16}},"20":{"start":{"line":60,"column":21},"end":{"line":60,"column":58}},"21":{"start":{"line":61,"column":4},"end":{"line":61,"column":16}},"22":{"start":{"line":65,"column":21},"end":{"line":65,"column":64}},"23":{"start":{"line":66,"column":4},"end":{"line":66,"column":16}},"24":{"start":{"line":70,"column":21},"end":{"line":72,"column":6}},"25":{"start":{"line":73,"column":4},"end":{"line":73,"column":16}},"26":{"start":{"line":77,"column":21},"end":{"line":79,"column":6}},"27":{"start":{"line":80,"column":4},"end":{"line":80,"column":16}},"28":{"start":{"line":88,"column":21},"end":{"line":93,"column":6}},"29":{"start":{"line":95,"column":4},"end":{"line":95,"column":79}},"30":{"start":{"line":96,"column":4},"end":{"line":96,"column":16}},"31":{"start":{"line":7,"column":13},"end":{"line":7,"column":29}},"32":{"start":{"line":7,"column":13},"end":{"line":98,"column":null}}},"fnMap":{"0":{"name":"(anonymous_3)","decl":{"start":{"line":11,"column":2},"end":{"line":11,"column":31}},"loc":{"start":{"line":11,"column":59},"end":{"line":27,"column":3}}},"1":{"name":"(anonymous_4)","decl":{"start":{"line":29,"column":2},"end":{"line":29,"column":7}},"loc":{"start":{"line":29,"column":37},"end":{"line":43,"column":3}}},"2":{"name":"(anonymous_5)","decl":{"start":{"line":45,"column":2},"end":{"line":45,"column":7}},"loc":{"start":{"line":45,"column":49},"end":{"line":50,"column":3}}},"3":{"name":"(anonymous_6)","decl":{"start":{"line":52,"column":2},"end":{"line":52,"column":7}},"loc":{"start":{"line":52,"column":29},"end":{"line":57,"column":3}}},"4":{"name":"(anonymous_7)","decl":{"start":{"line":59,"column":2},"end":{"line":59,"column":7}},"loc":{"start":{"line":59,"column":26},"end":{"line":62,"column":3}}},"5":{"name":"(anonymous_8)","decl":{"start":{"line":64,"column":2},"end":{"line":64,"column":7}},"loc":{"start":{"line":64,"column":80},"end":{"line":67,"column":3}}},"6":{"name":"(anonymous_9)","decl":{"start":{"line":69,"column":2},"end":{"line":69,"column":7}},"loc":{"start":{"line":69,"column":22},"end":{"line":74,"column":3}}},"7":{"name":"(anonymous_10)","decl":{"start":{"line":76,"column":2},"end":{"line":76,"column":7}},"loc":{"start":{"line":76,"column":16},"end":{"line":81,"column":3}}},"8":{"name":"(anonymous_11)","decl":{"start":{"line":83,"column":2},"end":{"line":83,"column":7}},"loc":{"start":{"line":86,"column":34},"end":{"line":97,"column":3}}}},"branchMap":{"0":{"loc":{"start":{"line":33,"column":14},"end":{"line":33,"column":35}},"type":"binary-expr","locations":[{"start":{"line":33,"column":14},"end":{"line":33,"column":24}},{"start":{"line":33,"column":28},"end":{"line":33,"column":35}}]},"1":{"loc":{"start":{"line":86,"column":4},"end":{"line":86,"column":34}},"type":"default-arg","locations":[{"start":{"line":86,"column":23},"end":{"line":86,"column":34}}]},"2":{"loc":{"start":{"line":11,"column":46},"end":{"line":11,"column":null}},"type":"cond-expr","locations":[{"start":{"line":11,"column":59},"end":{"line":11,"column":null}},{"start":{"line":11,"column":59},"end":{"line":11,"column":null}}]},"3":{"loc":{"start":{"line":11,"column":46},"end":{"line":11,"column":59}},"type":"binary-expr","locations":[{"start":{"line":11,"column":46},"end":{"line":11,"column":null}},{"start":{"line":11,"column":46},"end":{"line":11,"column":59}}]}},"s":{"0":2,"1":2,"2":2,"3":2,"4":6,"5":6,"6":6,"7":6,"8":6,"9":6,"10":6,"11":1,"12":1,"13":1,"14":0,"15":0,"16":0,"17":0,"18":0,"19":0,"20":0,"21":0,"22":0,"23":0,"24":1,"25":1,"26":1,"27":1,"28":1,"29":1,"30":1,"31":2,"32":2},"f":{"0":6,"1":1,"2":0,"3":0,"4":0,"5":0,"6":1,"7":1,"8":1},"b":{"0":[1,0],"1":[0],"2":[2,0],"3":[2,2]}}
}
