TN:
SF:src/app.controller.ts
FN:6,(anonymous_2)
FN:9,(anonymous_3)
FNF:2
FNH:2
FNDA:1,(anonymous_2)
FNDA:1,(anonymous_3)
DA:1,1
DA:2,1
DA:5,1
DA:6,1
DA:9,1
DA:10,1
LF:6
LH:6
BRDA:6,0,0,1
BRDA:6,0,1,0
BRDA:6,1,0,1
BRDA:6,1,1,1
BRF:4
BRH:3
end_of_record
TN:
SF:src/app.module.ts
FNF:0
FNH:0
DA:1,0
DA:2,0
DA:3,0
DA:4,0
DA:5,0
DA:6,0
DA:17,0
LF:7
LH:0
BRF:0
BRH:0
end_of_record
TN:
SF:src/app.service.ts
FN:5,(anonymous_1)
FNF:1
FNH:1
FNDA:1,(anonymous_1)
DA:1,1
DA:4,1
DA:6,1
LF:3
LH:3
BRF:0
BRH:0
end_of_record
TN:
SF:src/main.ts
FN:6,bootstrap
FNF:1
FNH:0
FNDA:0,bootstrap
DA:1,0
DA:3,0
DA:4,0
DA:7,0
DA:8,0
DA:9,0
DA:11,0
LF:7
LH:0
BRDA:9,0,0,0
BRDA:9,0,1,0
BRF:2
BRH:0
end_of_record
TN:
SF:src/blog-generator/blog-generator.controller.ts
FN:7,(anonymous_4)
FN:10,(anonymous_5)
FNF:2
FNH:0
FNDA:0,(anonymous_4)
FNDA:0,(anonymous_5)
DA:1,0
DA:2,0
DA:3,0
DA:6,0
DA:7,0
DA:10,0
DA:11,0
LF:7
LH:0
BRDA:10,0,0,0
BRDA:10,0,1,0
BRDA:10,1,0,0
BRDA:10,1,1,0
BRDA:7,2,0,0
BRDA:7,2,1,0
BRDA:7,3,0,0
BRDA:7,3,1,0
BRF:8
BRH:0
end_of_record
TN:
SF:src/blog-generator/blog-generator.dto.ts
FN:1,(anonymous_0)
FNF:1
FNH:1
FNDA:2,(anonymous_0)
DA:1,2
DA:2,2
DA:3,2
DA:4,2
DA:5,2
DA:8,2
LF:6
LH:6
BRDA:1,0,0,2
BRDA:1,0,1,2
BRF:2
BRH:2
end_of_record
TN:
SF:src/blog-generator/blog-generator.module.ts
FNF:0
FNH:0
DA:1,0
DA:2,0
DA:3,0
DA:4,0
DA:5,0
DA:12,0
LF:6
LH:0
BRF:0
BRH:0
end_of_record
TN:
SF:src/blog-generator/blog-generator.service.ts
FN:38,(anonymous_3)
FN:48,(anonymous_4)
FN:79,(anonymous_5)
FN:137,(anonymous_6)
FN:173,(anonymous_7)
FN:219,(anonymous_8)
FN:230,(anonymous_9)
FN:234,(anonymous_10)
FN:236,(anonymous_11)
FN:255,(anonymous_12)
FN:305,(anonymous_13)
FN:310,(anonymous_14)
FN:312,(anonymous_15)
FN:316,(anonymous_16)
FN:325,(anonymous_17)
FN:329,(anonymous_18)
FN:341,(anonymous_19)
FN:346,(anonymous_20)
FN:347,(anonymous_21)
FN:350,(anonymous_22)
FNF:20
FNH:12
FNDA:13,(anonymous_3)
FNDA:0,(anonymous_4)
FNDA:0,(anonymous_5)
FNDA:0,(anonymous_6)
FNDA:5,(anonymous_7)
FNDA:0,(anonymous_8)
FNDA:0,(anonymous_9)
FNDA:0,(anonymous_10)
FNDA:0,(anonymous_11)
FNDA:0,(anonymous_12)
FNDA:3,(anonymous_13)
FNDA:2,(anonymous_14)
FNDA:2,(anonymous_15)
FNDA:2,(anonymous_16)
FNDA:2,(anonymous_17)
FNDA:2,(anonymous_18)
FNDA:2,(anonymous_19)
FNDA:2,(anonymous_20)
FNDA:3,(anonymous_21)
FNDA:2,(anonymous_22)
DA:1,1
DA:2,1
DA:3,1
DA:4,1
DA:5,1
DA:6,1
DA:7,1
DA:26,1
DA:34,1
DA:35,13
DA:39,13
DA:40,13
DA:41,13
DA:43,13
DA:49,0
DA:50,0
DA:51,0
DA:56,0
DA:59,0
DA:60,0
DA:65,0
DA:72,0
DA:78,0
DA:79,0
DA:80,0
DA:81,0
DA:82,0
DA:86,0
DA:89,0
DA:90,0
DA:95,0
DA:96,0
DA:98,0
DA:104,0
DA:105,0
DA:116,0
DA:118,0
DA:141,0
DA:143,0
DA:149,0
DA:150,0
DA:154,0
DA:156,0
DA:157,0
DA:158,0
DA:161,0
DA:163,0
DA:164,0
DA:167,0
DA:168,0
DA:169,0
DA:175,5
DA:176,5
DA:177,2
DA:181,5
DA:182,5
DA:183,5
DA:184,5
DA:185,162
DA:186,162
DA:187,0
DA:188,0
DA:190,162
DA:191,40
DA:192,40
DA:194,122
DA:195,23
DA:196,18
DA:197,17
DA:198,16
DA:202,5
DA:203,5
DA:205,5
DA:206,1
DA:207,1
DA:209,5
DA:210,4
DA:211,4
DA:214,5
DA:227,0
DA:231,0
DA:232,0
DA:235,0
DA:237,0
DA:240,0
DA:246,0
DA:247,0
DA:262,0
DA:266,0
DA:267,0
DA:268,0
DA:269,0
DA:274,0
DA:275,0
DA:277,0
DA:282,0
DA:283,0
DA:284,0
DA:285,0
DA:286,0
DA:287,0
DA:288,0
DA:293,0
DA:294,0
DA:296,0
DA:300,0
DA:306,3
DA:307,2
DA:308,2
DA:309,2
DA:311,2
DA:312,2
DA:314,2
DA:316,2
DA:318,0
DA:319,0
DA:326,2
DA:329,2
DA:338,2
DA:342,2
DA:343,2
DA:344,2
DA:345,1
DA:347,3
DA:348,2
DA:350,2
DA:352,1
DA:353,1
LF:128
LH:60
BRDA:49,0,0,0
BRDA:49,0,1,0
BRDA:59,1,0,0
BRDA:59,1,1,0
BRDA:60,2,0,0
BRDA:60,2,1,0
BRDA:81,3,0,0
BRDA:81,3,1,0
BRDA:81,4,0,0
BRDA:81,4,1,0
BRDA:89,5,0,0
BRDA:89,5,1,0
BRDA:89,6,0,0
BRDA:89,6,1,0
BRDA:95,7,0,0
BRDA:95,7,1,0
BRDA:95,7,2,0
BRDA:96,8,0,0
BRDA:96,8,1,0
BRDA:96,8,2,0
BRDA:104,9,0,0
BRDA:104,9,1,0
BRDA:112,10,0,0
BRDA:112,10,1,0
BRDA:113,11,0,0
BRDA:113,11,1,0
BRDA:128,12,0,0
BRDA:128,12,1,0
BRDA:149,13,0,0
BRDA:149,13,1,0
BRDA:154,14,0,0
BRDA:154,14,1,0
BRDA:157,15,0,0
BRDA:157,15,1,0
BRDA:175,16,0,5
BRDA:175,16,1,0
BRDA:176,17,0,2
BRDA:176,17,1,3
BRDA:186,18,0,0
BRDA:186,18,1,162
BRDA:186,19,0,162
BRDA:186,19,1,0
BRDA:190,20,0,40
BRDA:190,20,1,122
BRDA:194,21,0,99
BRDA:194,21,1,23
BRDA:195,22,0,5
BRDA:195,22,1,18
BRDA:196,23,0,1
BRDA:196,23,1,17
BRDA:197,24,0,1
BRDA:197,24,1,16
BRDA:198,25,0,0
BRDA:198,25,1,16
BRDA:262,26,0,0
BRDA:262,26,1,0
BRDA:266,27,0,0
BRDA:266,27,1,0
BRDA:285,28,0,0
BRDA:285,28,1,0
BRDA:306,29,0,1
BRDA:306,29,1,2
BRDA:342,30,0,0
BRDA:342,30,1,2
BRDA:39,31,0,1
BRDA:39,31,1,0
BRDA:39,32,0,1
BRDA:39,32,1,1
BRDA:39,33,0,1
BRDA:39,33,1,0
BRDA:39,34,0,1
BRDA:39,34,1,1
BRDA:40,35,0,1
BRDA:40,35,1,0
BRDA:40,36,0,1
BRDA:40,36,1,1
BRF:76
BRH:28
end_of_record
TN:
SF:src/blog-generator/image-generator.service.ts
FN:38,(anonymous_2)
FN:44,(anonymous_3)
FN:56,(anonymous_4)
FN:66,(anonymous_5)
FN:89,(anonymous_6)
FN:132,(anonymous_7)
FNF:6
FNH:0
FNDA:0,(anonymous_2)
FNDA:0,(anonymous_3)
FNDA:0,(anonymous_4)
FNDA:0,(anonymous_5)
FNDA:0,(anonymous_6)
FNDA:0,(anonymous_7)
DA:1,1
DA:2,1
DA:3,1
DA:4,1
DA:7,1
DA:9,1
DA:20,1
DA:31,1
DA:34,1
DA:35,0
DA:38,0
DA:39,0
DA:48,0
DA:50,0
DA:51,0
DA:53,0
DA:57,0
DA:59,0
DA:63,0
DA:67,0
DA:68,0
DA:69,0
DA:71,0
DA:72,0
DA:75,0
DA:79,0
DA:80,0
DA:86,0
DA:92,0
DA:93,0
DA:95,0
DA:113,0
DA:114,0
DA:116,0
DA:117,0
DA:118,0
DA:121,0
DA:122,0
DA:127,0
DA:128,0
DA:133,0
DA:141,0
DA:142,0
DA:143,0
DA:146,0
DA:147,0
DA:148,0
LF:47
LH:9
BRDA:46,0,0,0
BRDA:59,1,0,0
BRDA:59,1,1,0
BRDA:71,2,0,0
BRDA:71,2,1,0
BRDA:79,3,0,0
BRDA:79,3,1,0
BRDA:113,4,0,0
BRDA:113,4,1,0
BRDA:116,5,0,0
BRDA:116,5,1,0
BRDA:142,6,0,0
BRDA:142,6,1,0
BRDA:38,7,0,1
BRDA:38,7,1,0
BRDA:38,8,0,1
BRDA:38,8,1,1
BRF:17
BRH:3
end_of_record
TN:
SF:src/blog-generator/prompt-templates.ts
FN:176,buildPrompt
FNF:1
FNH:1
FNDA:5,buildPrompt
DA:1,2
DA:3,2
DA:20,2
DA:49,2
DA:87,2
DA:176,2
DA:181,5
DA:182,5
DA:183,5
DA:185,5
LF:10
LH:10
BRDA:183,0,0,1
BRDA:183,0,1,4
BRF:2
BRH:2
end_of_record
TN:
SF:src/wordpress/wordpress.controller.ts
FN:17,(anonymous_4)
FN:20,(anonymous_5)
FN:25,(anonymous_6)
FN:33,(anonymous_7)
FN:38,(anonymous_8)
FN:43,(anonymous_9)
FN:56,(anonymous_10)
FN:61,(anonymous_11)
FNF:8
FNH:0
FNDA:0,(anonymous_4)
FNDA:0,(anonymous_5)
FNDA:0,(anonymous_6)
FNDA:0,(anonymous_7)
FNDA:0,(anonymous_8)
FNDA:0,(anonymous_9)
FNDA:0,(anonymous_10)
FNDA:0,(anonymous_11)
DA:1,0
DA:12,0
DA:13,0
DA:16,0
DA:17,0
DA:20,0
DA:21,0
DA:25,0
DA:29,0
DA:33,0
DA:34,0
DA:38,0
DA:39,0
DA:43,0
DA:48,0
DA:56,0
DA:57,0
DA:61,0
DA:62,0
LF:19
LH:0
BRDA:20,0,0,0
BRDA:20,0,1,0
BRDA:20,1,0,0
BRDA:20,1,1,0
BRDA:27,2,0,0
BRDA:27,2,1,0
BRDA:27,3,0,0
BRDA:27,3,1,0
BRDA:17,4,0,0
BRDA:17,4,1,0
BRDA:17,5,0,0
BRDA:17,5,1,0
BRF:12
BRH:0
end_of_record
TN:
SF:src/wordpress/wordpress.dto.ts
FNF:0
FNH:0
DA:1,0
DA:12,0
LF:2
LH:0
BRF:0
BRH:0
end_of_record
TN:
SF:src/wordpress/wordpress.module.ts
FNF:0
FNH:0
DA:1,0
DA:2,0
DA:3,0
DA:10,0
LF:4
LH:0
BRF:0
BRH:0
end_of_record
TN:
SF:src/wordpress/wordpress.service.ts
FN:11,(anonymous_3)
FN:29,(anonymous_4)
FN:45,(anonymous_5)
FN:52,(anonymous_6)
FN:59,(anonymous_7)
FN:64,(anonymous_8)
FN:69,(anonymous_9)
FN:76,(anonymous_10)
FN:83,(anonymous_11)
FNF:9
FNH:5
FNDA:6,(anonymous_3)
FNDA:1,(anonymous_4)
FNDA:0,(anonymous_5)
FNDA:0,(anonymous_6)
FNDA:0,(anonymous_7)
FNDA:0,(anonymous_8)
FNDA:1,(anonymous_9)
FNDA:1,(anonymous_10)
FNDA:1,(anonymous_11)
DA:1,2
DA:2,2
DA:3,2
DA:7,2
DA:8,6
DA:11,6
DA:12,6
DA:13,6
DA:14,6
DA:18,6
DA:20,6
DA:30,1
DA:41,1
DA:42,1
DA:46,0
DA:48,0
DA:49,0
DA:53,0
DA:55,0
DA:56,0
DA:60,0
DA:61,0
DA:65,0
DA:66,0
DA:70,1
DA:73,1
DA:77,1
DA:80,1
DA:88,1
DA:95,1
DA:96,1
LF:31
LH:21
BRDA:33,0,0,1
BRDA:33,0,1,0
BRDA:86,1,0,0
BRDA:11,2,0,2
BRDA:11,2,1,0
BRDA:11,3,0,2
BRDA:11,3,1,2
BRF:7
BRH:4
end_of_record
